


ARM Macro Assembler    Page 1 


    1 00000000                 AREA             ARMex, CODE, READONLY ;Assignme
                                                            nt3 using second op
                                                            erand
    2 00000000                 ENTRY
    3 00000000         
    4 00000000 E59F005C        LDR              r0, Address1 ;Address to store
    5 00000004         
    6 00000004 E3A01001        MOV              r1, #1      ;r1 = 1
    7 00000008 E4801004        STR              r1, [r0], #4
    8 0000000C         
    9 0000000C E0812001        ADD              r2, r1, r1  ;r2 = r1 + r1 = r1 
                                                            * 2 
   10 00000010 E4802004        STR              r2, [r0], #4
   11 00000014         
   12 00000014 E0823082        ADD              r3, r2, r2, LSL #1 ;r3 = r2 + r
                                                            2 * 2 = r2 * 3
   13 00000018 E4803004        STR              r3, [r0], #4
   14 0000001C         
   15 0000001C E0844103        ADD              r4, r3, LSL #2 ;r4 = r3 * 4 
   16 00000020 E4804004        STR              r4, [r0], #4
   17 00000024         
   18 00000024 E0845104        ADD              r5, r4, r4, LSL #2 ;r5 = r4 + r
                                                            4 * 4 = r4* 5
   19 00000028 E4805004        STR              r5, [r0], #4
   20 0000002C         
   21 0000002C E0866085        ADD              r6, r5, LSL #1 ;r6 = r5 * 2 + r
                                                            5 * 4 = r5 * 6
   22 00000030 E0866105        ADD              r6, r5, LSL #2
   23 00000034 E4806004        STR              r6, [r0], #4
   24 00000038         
   25 00000038 E0867086        ADD              r7, r6, r6, LSL #1 ;r7 = r6 + r
                                                            6 * 2 + r6 * 4 = r6
                                                             * 7
   26 0000003C E0877106        ADD              r7, r6, LSL #2
   27 00000040 E4807004        STR              r7, [r0], #4
   28 00000044         
   29 00000044 E0888187        ADD              r8, r7, LSL #3 ;r8 = r7 * 8
   30 00000048 E4808004        STR              r8, [r0], #4
   31 0000004C         
   32 0000004C E0889188        ADD              r9, r8, r8, LSL #3 
                                                            ;r9 = r8 + r8 * 8
   33 00000050 E4809004        STR              r9, [r0], #4
   34 00000054         
   35 00000054 E08AA089        ADD              r10, r9, LSL #1 ;r10 = r9 * 2 +
                                                             r9 * 8 = r9 * 10
   36 00000058 E08AA189        ADD              r10, r9, LSL #3
   37 0000005C E480A004        STR              r10, [r0], #4
   38 00000060         
   39 00000060 E1A0F00E        MOV              pc, lr
   40 00000064         
   41 00000064 00040000 
                       Address1
                               &                &40000      ;Address to store a
                                                            rray
   42 00000068         
   43 00000068                 END
Command Line: --debug --xref --diag_suppress=9931 --cpu=ARM9E --apcs=interwork 
--depend=.\objects\assignment_3_1.d -o.\objects\assignment_3_1.o -IC:\Keil_v5\A
RM\RV31\INC -IC:\Keil_v5\ARM\CMSIS\Include --predefine="__EVAL SETA 1" --predef



ARM Macro Assembler    Page 2 


ine="__UVISION_VERSION SETA 521" --list=.\listings\assignment_3_1.lst assignmen
t_3_1.s



ARM Macro Assembler    Page 1 Alphabetic symbol ordering
Relocatable symbols

ARMex 00000000

Symbol: ARMex
   Definitions
      At line 1 in file assignment_3_1.s
   Uses
      None
Comment: ARMex unused
Address1 00000064

Symbol: Address1
   Definitions
      At line 41 in file assignment_3_1.s
   Uses
      At line 4 in file assignment_3_1.s
Comment: Address1 used once
2 symbols
334 symbols in table
