


ARM Macro Assembler    Page 1 


    1 00000000                 AREA             ARMex, CODE, READONLY ;Assignme
                                                            nt3 using MUL
    2 00000000                 ENTRY
    3 00000000         
    4 00000000 E59F0074        LDR              r0, Address1 ;Address to store
    5 00000004         
    6 00000004 E3A01001        MOV              r1, #1      ;r1 = 1
    7 00000008 E4801004        STR              r1, [r0], #4
    8 0000000C         
    9 0000000C E3A02002        MOV              r2, #2
   10 00000010 E0020291        MUL              r2, r1, r2  ;r2 = r1 * 2 
   11 00000014 E4802004        STR              r2, [r0], #4
   12 00000018         
   13 00000018 E3A03003        MOV              r3, #3
   14 0000001C E0030392        MUL              r3, r2, r3  ;r3 = r2 * 3
   15 00000020 E4803004        STR              r3, [r0], #4
   16 00000024         
   17 00000024 E3A04004        MOV              r4, #4
   18 00000028 E0040493        MUL              r4, r3, r4  ;r4 = r3 * 4 
   19 0000002C E4804004        STR              r4, [r0], #4
   20 00000030         
   21 00000030 E3A05005        MOV              r5, #5
   22 00000034 E0050594        MUL              r5, r4, r5  ;r5 = r4* 5
   23 00000038 E4805004        STR              r5, [r0], #4
   24 0000003C         
   25 0000003C E3A06006        MOV              r6, #6
   26 00000040 E0060695        MUL              r6, r5, r6  ;r6 = r5 * 6
   27 00000044 E4806004        STR              r6, [r0], #4
   28 00000048         
   29 00000048 E3A07007        MOV              r7, #7
   30 0000004C E0070796        MUL              r7, r6, r7  ;r7 = r6 * 7
   31 00000050 E4807004        STR              r7, [r0], #4
   32 00000054         
   33 00000054 E3A08008        MOV              r8, #8
   34 00000058 E0080897        MUL              r8, r7, r8  ;r8 = r7 * 8
   35 0000005C E4808004        STR              r8, [r0], #4
   36 00000060         
   37 00000060 E3A09009        MOV              r9, #9
   38 00000064 E0090998        MUL              r9, r8, r9  ;r9 = r8 * 9
   39 00000068 E4809004        STR              r9, [r0], #4
   40 0000006C         
   41 0000006C E3A0A00A        MOV              r10, #10
   42 00000070 E00A0A99        MUL              r10, r9, r10 ;r10 = r9 * 10
   43 00000074 E480A004        STR              r10, [r0], #4
   44 00000078         
   45 00000078 E1A0F00E        MOV              pc, lr
   46 0000007C         
   47 0000007C 00040000 
                       Address1
                               &                &40000      ;Address to store a
                                                            rray
   48 00000080         
   49 00000080                 END
Command Line: --debug --xref --diag_suppress=9931 --cpu=ARM9E --apcs=interwork 
--depend=.\objects\assignment_3_2.d -o.\objects\assignment_3_2.o -IC:\Keil_v5\A
RM\RV31\INC -IC:\Keil_v5\ARM\CMSIS\Include --predefine="__EVAL SETA 1" --predef
ine="__UVISION_VERSION SETA 521" --list=.\listings\assignment_3_2.lst assignmen
t_3_2.s



ARM Macro Assembler    Page 1 Alphabetic symbol ordering
Relocatable symbols

ARMex 00000000

Symbol: ARMex
   Definitions
      At line 1 in file assignment_3_2.s
   Uses
      None
Comment: ARMex unused
Address1 0000007C

Symbol: Address1
   Definitions
      At line 47 in file assignment_3_2.s
   Uses
      At line 4 in file assignment_3_2.s
Comment: Address1 used once
2 symbols
334 symbols in table
